0 info it worked if it ends with ok
1 verbose cli [ 'node', '/usr/local/bin/npm', 'update', '-g', 'vulcanize' ]
2 info using npm@1.4.28
3 info using node@v0.10.33
4 verbose request where is /vulcanize
5 verbose request registry https://registry.npmjs.org/
6 verbose request id 7964f9e794944c1e
7 verbose url raw /vulcanize
8 verbose url resolving [ 'https://registry.npmjs.org/', './vulcanize' ]
9 verbose url resolved https://registry.npmjs.org/vulcanize
10 verbose request where is https://registry.npmjs.org/vulcanize
11 info trying registry request attempt 1 at 15:46:21
12 verbose etag "AGO5G8LDKL03K15ZDFCF4V31M"
13 http GET https://registry.npmjs.org/vulcanize
14 http 200 https://registry.npmjs.org/vulcanize
15 silly registry.get cb [ 200,
15 silly registry.get   { date: 'Fri, 06 Feb 2015 05:46:21 GMT',
15 silly registry.get     server: 'CouchDB/1.5.0 (Erlang OTP/R16B03)',
15 silly registry.get     etag: '"AO7PFX8SU0WELGQIKBU11L9FR"',
15 silly registry.get     'content-type': 'application/json',
15 silly registry.get     'cache-control': 'max-age=60',
15 silly registry.get     'content-length': '56896',
15 silly registry.get     'accept-ranges': 'bytes',
15 silly registry.get     via: '1.1 varnish',
15 silly registry.get     age: '0',
15 silly registry.get     'x-served-by': 'cache-syd1620-SYD',
15 silly registry.get     'x-cache': 'MISS',
15 silly registry.get     'x-cache-hits': '0',
15 silly registry.get     'x-timer': 'S1423201581.559473,VS0,VE235',
15 silly registry.get     vary: 'Accept',
15 silly registry.get     'keep-alive': 'timeout=10, max=50',
15 silly registry.get     connection: 'Keep-Alive' } ]
16 info outdated updating [ [ '/usr/local/lib',
16 info outdated     'vulcanize',
16 info outdated     '0.7.7',
16 info outdated     '0.7.8',
16 info outdated     '0.7.8',
16 info outdated     'latest' ] ]
17 verbose install where,what [ '/usr/local/lib', [ 'vulcanize@0.7.8' ] ]
18 verbose cache add [ 'vulcanize@0.7.8', null ]
19 verbose cache add name=undefined spec="vulcanize@0.7.8" args=["vulcanize@0.7.8",null]
20 verbose parsed url { protocol: null,
20 verbose parsed url   slashes: null,
20 verbose parsed url   auth: null,
20 verbose parsed url   host: null,
20 verbose parsed url   port: null,
20 verbose parsed url   hostname: null,
20 verbose parsed url   hash: null,
20 verbose parsed url   search: null,
20 verbose parsed url   query: null,
20 verbose parsed url   pathname: 'vulcanize@0.7.8',
20 verbose parsed url   path: 'vulcanize@0.7.8',
20 verbose parsed url   href: 'vulcanize@0.7.8' }
21 verbose cache add name="vulcanize" spec="0.7.8" args=["vulcanize","0.7.8"]
22 verbose parsed url { protocol: null,
22 verbose parsed url   slashes: null,
22 verbose parsed url   auth: null,
22 verbose parsed url   host: null,
22 verbose parsed url   port: null,
22 verbose parsed url   hostname: null,
22 verbose parsed url   hash: null,
22 verbose parsed url   search: null,
22 verbose parsed url   query: null,
22 verbose parsed url   pathname: '0.7.8',
22 verbose parsed url   path: '0.7.8',
22 verbose parsed url   href: '0.7.8' }
23 verbose addNamed [ 'vulcanize', '0.7.8' ]
24 verbose addNamed [ '0.7.8', '0.7.8' ]
25 silly lockFile b32062f3-vulcanize-0-7-8 vulcanize@0.7.8
26 verbose lock vulcanize@0.7.8 /Users/UX-Dev/.npm/b32062f3-vulcanize-0-7-8.lock
27 verbose registry.get https://registry.npmjs.org/vulcanize not expired, no request
28 silly lockFile 6a265347-rg-vulcanize-vulcanize-0-7-8-tgz https://registry.npmjs.org/vulcanize/-/vulcanize-0.7.8.tgz
29 verbose lock https://registry.npmjs.org/vulcanize/-/vulcanize-0.7.8.tgz /Users/UX-Dev/.npm/6a265347-rg-vulcanize-vulcanize-0-7-8-tgz.lock
30 verbose addRemoteTarball [ 'https://registry.npmjs.org/vulcanize/-/vulcanize-0.7.8.tgz',
30 verbose addRemoteTarball   '2269a048c2a40ddf2eec9c9e01486c842fd514ff' ]
31 info retry fetch attempt 1 at 15:46:21
32 verbose fetch to= /var/folders/99/8bc73tg90vz588ym92sf_fcr0000gn/T/npm-12178-qf0IqLu8/registry.npmjs.org/vulcanize/-/vulcanize-0.7.8.tgz
33 http GET https://registry.npmjs.org/vulcanize/-/vulcanize-0.7.8.tgz
34 http 200 https://registry.npmjs.org/vulcanize/-/vulcanize-0.7.8.tgz
35 silly lockFile 6a265347-rg-vulcanize-vulcanize-0-7-8-tgz https://registry.npmjs.org/vulcanize/-/vulcanize-0.7.8.tgz
36 silly lockFile 6a265347-rg-vulcanize-vulcanize-0-7-8-tgz https://registry.npmjs.org/vulcanize/-/vulcanize-0.7.8.tgz
37 silly lockFile b32062f3-vulcanize-0-7-8 vulcanize@0.7.8
38 silly lockFile b32062f3-vulcanize-0-7-8 vulcanize@0.7.8
39 error Error: EACCES, mkdir '/Users/UX-Dev/.npm/vulcanize/0.7.8'
39 error  { [Error: EACCES, mkdir '/Users/UX-Dev/.npm/vulcanize/0.7.8']
39 error   errno: 3,
39 error   code: 'EACCES',
39 error   path: '/Users/UX-Dev/.npm/vulcanize/0.7.8' }
40 error Please try running this command again as root/Administrator.
41 error System Darwin 14.0.0
42 error command "node" "/usr/local/bin/npm" "update" "-g" "vulcanize"
43 error cwd /Users/UX-Dev/Dev/uqlibrary/uqlibrary-elements
44 error node -v v0.10.33
45 error npm -v 1.4.28
46 error path /Users/UX-Dev/.npm/vulcanize/0.7.8
47 error code EACCES
48 error errno 3
49 error stack Error: EACCES, mkdir '/Users/UX-Dev/.npm/vulcanize/0.7.8'
50 verbose exit [ 3, true ]
